Using pre-set license
Built from '2020.2/staging' branch; Version is '2020.2.3f1 (8ff31bc5bf5b) revision 9433883'; Using compiler version '192528614'; Build Type 'Release'
OS: 'Windows 10 Pro; OS build 19041.928; Version 2004; 64bit' Language: 'pt' Physical Memory: 32673 MB
BatchMode: 1, IsHumanControllingUs: 0, StartBugReporterOnCrash: 0, Is64bit: 1, IsPro: 0

 COMMAND LINE ARGUMENTS:
D:\Unity\2020.2.3f1\Editor\Unity.exe
-adb2
-batchMode
-noUpm
-name
AssetImportWorker0
-projectPath
D:/UnityProjects/Desafio_02_ProBuilder
-logFile
Logs/AssetImportWorker0.log
-srvPort
62774
Successfully changed project path to: D:/UnityProjects/Desafio_02_ProBuilder
D:/UnityProjects/Desafio_02_ProBuilder
Using Asset Import Pipeline V2.
Refreshing native plugins compatible for Editor in 41.26 ms, found 0 plugins.
Preloading 0 native plugins for Editor in 0.00 ms.
Initialize engine version: 2020.2.3f1 (8ff31bc5bf5b)
[Subsystems] Discovering subsystems at path D:/Unity/2020.2.3f1/Editor/Data/Resources/UnitySubsystems
[Subsystems] Discovering subsystems at path D:/UnityProjects/Desafio_02_ProBuilder/Assets
GfxDevice: creating device client; threaded=0
Direct3D:
    Version:  Direct3D 11.0 [level 11.1]
    Renderer: NVIDIA GeForce GTX 960 (ID=0x1401)
    Vendor:   
    VRAM:     4053 MB
    Driver:   30.0.14.7168
Initialize mono
Mono path[0] = 'D:/Unity/2020.2.3f1/Editor/Data/Managed'
Mono path[1] = 'D:/Unity/2020.2.3f1/Editor/Data/MonoBleedingEdge/lib/mono/unityjit'
Mono config path = 'D:/Unity/2020.2.3f1/Editor/Data/MonoBleedingEdge/etc'
Using monoOptions --debugger-agent=transport=dt_socket,embedding=1,server=y,suspend=n,address=127.0.0.1:56232
Begin MonoManager ReloadAssembly
Registering precompiled unity dll's ...
Register platform support module: D:/Unity/2020.2.3f1/Editor/Data/PlaybackEngines/WindowsStandaloneSupport/UnityEditor.WindowsStandalone.Extensions.dll
Registered in 0.004558 seconds.
Native extension for WindowsStandalone target not found
Refreshing native plugins compatible for Editor in 56.99 ms, found 0 plugins.
Preloading 0 native plugins for Editor in 0.00 ms.
Invoked RoslynAnalysisRunner static constructor.
RoslynAnalysisRunner will not be running.
RoslynAnalysisRunner has terminated.
Mono: successfully reloaded assembly
- Completed reload, in  2.688 seconds
Platform modules already initialized, skipping
Registering precompiled user dll's ...
Registered in 0.000721 seconds.
Begin MonoManager ReloadAssembly
Native extension for WindowsStandalone target not found
Refreshing native plugins compatible for Editor in 0.33 ms, found 0 plugins.
Preloading 0 native plugins for Editor in 0.00 ms.
Invoked RoslynAnalysisRunner static constructor.
RoslynAnalysisRunner will not be running.
RoslynAnalysisRunner has terminated.
Mono: successfully reloaded assembly
- Completed reload, in  1.558 seconds
Platform modules already initialized, skipping
========================================================================
Worker process is ready to serve import requests
Launched and connected shader compiler UnityShaderCompiler.exe after 0.06 seconds
Refreshing native plugins compatible for Editor in 0.45 ms, found 0 plugins.
Preloading 0 native plugins for Editor in 0.00 ms.
Unloading 1615 Unused Serialized files (Serialized files now loaded: 0)
System memory in use before: 78.4 MB.
System memory in use after: 78.4 MB.

Unloading 102 unused Assets to reduce memory usage. Loaded Objects now: 2054.
Total: 3.182200 ms (FindLiveObjects: 0.183500 ms CreateObjectMapping: 0.072000 ms MarkObjects: 2.723000 ms  DeleteObjects: 0.202500 ms)

========================================================================
Received Import Request.
  path: Assets/Textures/CobblestoneArches002_COL_VAR1_3K.jpg
  artifactKey: Guid(639db02d5b6275545ac245dce3744196) Importer(815301076,1909f56bfc062723c751e8b465ee728b)
Start importing Assets/Textures/CobblestoneArches002_COL_VAR1_3K.jpg using Guid(639db02d5b6275545ac245dce3744196) Importer(815301076,1909f56bfc062723c751e8b465ee728b)  -> (artifact id: 'aea848802da46810640e3c4a20b83069') in 0.186496 seconds
  Import took 0.189932 seconds .

========================================================================
Received Import Request.
  Time since last request: 0.000191 seconds.
  path: Assets/Textures/WoodFlooringMerbauBrickBondNatural001_COL_3K.jpg
  artifactKey: Guid(fa0a4f9fc13efbb4e82babf6707fafe8) Importer(815301076,1909f56bfc062723c751e8b465ee728b)
Start importing Assets/Textures/WoodFlooringMerbauBrickBondNatural001_COL_3K.jpg using Guid(fa0a4f9fc13efbb4e82babf6707fafe8) Importer(815301076,1909f56bfc062723c751e8b465ee728b)  -> (artifact id: 'dd31f501e29f14382341945908c550cc') in 0.032419 seconds
  Import took 0.035291 seconds .

========================================================================
Received Import Request.
  Time since last request: 0.000205 seconds.
  path: Assets/Materials/Wood.mat
  artifactKey: Guid(883f767bcb620b444aee8d4620c95ed4) Importer(815301076,1909f56bfc062723c751e8b465ee728b)
Start importing Assets/Materials/Wood.mat using Guid(883f767bcb620b444aee8d4620c95ed4) Importer(815301076,1909f56bfc062723c751e8b465ee728b)  -> (artifact id: 'ec0b53fee12c16e9b91befccfc79bb58') in 0.274641 seconds
  Import took 0.278567 seconds .

========================================================================
Received Import Request.
  Time since last request: 0.000182 seconds.
  path: Assets/Textures/BricksFlemishRed001_AO_3K.jpg
  artifactKey: Guid(2f91a5d54a993dd48adb7ebd25c359bd) Importer(815301076,1909f56bfc062723c751e8b465ee728b)
Start importing Assets/Textures/BricksFlemishRed001_AO_3K.jpg using Guid(2f91a5d54a993dd48adb7ebd25c359bd) Importer(815301076,1909f56bfc062723c751e8b465ee728b)  -> (artifact id: 'a49b5550964e214021e876895d3f386e') in 0.025403 seconds
  Import took 0.029535 seconds .

========================================================================
Received Import Request.
  Time since last request: 12.467113 seconds.
  path: Assets/Materials/New Material.mat
  artifactKey: Guid(dab4638ff3d1dcf46aa57b43fd9f639a) Importer(815301076,1909f56bfc062723c751e8b465ee728b)
Start importing Assets/Materials/New Material.mat using Guid(dab4638ff3d1dcf46aa57b43fd9f639a) Importer(815301076,1909f56bfc062723c751e8b465ee728b)  -> (artifact id: 'a3f403a462f9d055b173952e28946e8f') in 0.018372 seconds
  Import took 0.026995 seconds .

========================================================================
Received Import Request.
  Time since last request: 942.087965 seconds.
  path: Assets/Materials/Bricks.mat
  artifactKey: Guid(dab4638ff3d1dcf46aa57b43fd9f639a) Importer(815301076,1909f56bfc062723c751e8b465ee728b)
Start importing Assets/Materials/Bricks.mat using Guid(dab4638ff3d1dcf46aa57b43fd9f639a) Importer(815301076,1909f56bfc062723c751e8b465ee728b)  -> (artifact id: '39e20e36fd60b896ead25b74070f38ee') in 0.016943 seconds
  Import took 0.032744 seconds .

========================================================================
Received Import Request.
  Time since last request: 0.000210 seconds.
  path: Assets/Materials/Wood.mat
  artifactKey: Guid(883f767bcb620b444aee8d4620c95ed4) Importer(815301076,1909f56bfc062723c751e8b465ee728b)
Start importing Assets/Materials/Wood.mat using Guid(883f767bcb620b444aee8d4620c95ed4) Importer(815301076,1909f56bfc062723c751e8b465ee728b)  -> (artifact id: '2d80fd2f4522d597d3a8bfab77736d6a') in 0.110748 seconds
  Import took 0.116711 seconds .

========================================================================
Received Import Request.
  Time since last request: 32.478122 seconds.
  path: Assets/Materials/Bricks.mat
  artifactKey: Guid(dab4638ff3d1dcf46aa57b43fd9f639a) Importer(815301076,1909f56bfc062723c751e8b465ee728b)
Start importing Assets/Materials/Bricks.mat using Guid(dab4638ff3d1dcf46aa57b43fd9f639a) Importer(815301076,1909f56bfc062723c751e8b465ee728b)  -> (artifact id: '13e12c3c048962d885bc51e42133e2b0') in 0.024233 seconds
  Import took 0.031439 seconds .

========================================================================
Received Prepare
Registering precompiled user dll's ...
Registered in 0.000751 seconds.
Begin MonoManager ReloadAssembly
Native extension for WindowsStandalone target not found
Refreshing native plugins compatible for Editor in 0.36 ms, found 0 plugins.
Preloading 0 native plugins for Editor in 0.00 ms.
Warning: Annotation not found!
UnityEngine.StackTraceUtility:ExtractStackTrace ()
UnityEditor.ProBuilder.EditorUtility:SetGizmoIconEnabled (System.Type,bool) (at Library/PackageCache/com.unity.probuilder@4.4.0/Editor/EditorCore/EditorUtility.cs:593)
UnityEditor.ProBuilder.HierarchyListener:.cctor () (at Library/PackageCache/com.unity.probuilder@4.4.0/Editor/EditorCore/HierarchyListener.cs:21)
System.Runtime.CompilerServices.RuntimeHelpers:RunClassConstructor (System.RuntimeTypeHandle)
UnityEditor.EditorAssemblies:ProcessInitializeOnLoadAttributes (System.Type[])

[Library/PackageCache/com.unity.probuilder@4.4.0/Editor/EditorCore/EditorUtility.cs line 593]

Invoked RoslynAnalysisRunner static constructor.
RoslynAnalysisRunner will not be running.
RoslynAnalysisRunner has terminated.
Mono: successfully reloaded assembly
- Completed reload, in  1.177 seconds
Platform modules already initialized, skipping
Refreshing native plugins compatible for Editor in 0.34 ms, found 0 plugins.
Preloading 0 native plugins for Editor in 0.00 ms.
Unloading 1579 Unused Serialized files (Serialized files now loaded: 0)
System memory in use before: 79.1 MB.
System memory in use after: 79.2 MB.

Unloading 6 unused Assets to reduce memory usage. Loaded Objects now: 2099.
Total: 2.627400 ms (FindLiveObjects: 0.180100 ms CreateObjectMapping: 0.189300 ms MarkObjects: 2.181500 ms  DeleteObjects: 0.075000 ms)

========================================================================
Received Import Request.
  Time since last request: 1579.346240 seconds.
  path: Assets/ProBuilder Data/Default Material Palette.asset
  artifactKey: Guid(860bb705d648ba045b35b307edb79d00) Importer(815301076,1909f56bfc062723c751e8b465ee728b)
Start importing Assets/ProBuilder Data/Default Material Palette.asset using Guid(860bb705d648ba045b35b307edb79d00) Importer(815301076,1909f56bfc062723c751e8b465ee728b)  -> (artifact id: '03565c12e1e0f43a4aa4529cfe72ede1') in 0.029432 seconds
  Import took 0.036104 seconds .

========================================================================
Received Import Request.
  Time since last request: 21.335047 seconds.
  path: Assets/Materials/Pink.mat
  artifactKey: Guid(f0de2e66d75679e46be6251170cf5852) Importer(815301076,1909f56bfc062723c751e8b465ee728b)
Start importing Assets/Materials/Pink.mat using Guid(f0de2e66d75679e46be6251170cf5852) Importer(815301076,1909f56bfc062723c751e8b465ee728b)  -> (artifact id: 'e0e69dc6d2cfd73f3027083b43926db4') in 0.109767 seconds
  Import took 0.116566 seconds .

========================================================================
Received Import Request.
  Time since last request: 69.217562 seconds.
  path: Assets/Materials/Containers.mat
  artifactKey: Guid(f0de2e66d75679e46be6251170cf5852) Importer(815301076,1909f56bfc062723c751e8b465ee728b)
Start importing Assets/Materials/Containers.mat using Guid(f0de2e66d75679e46be6251170cf5852) Importer(815301076,1909f56bfc062723c751e8b465ee728b)  -> (artifact id: '33117c231a2f1e98381cba2e3cd41cdf') in 0.020990 seconds
  Import took 0.025654 seconds .

========================================================================
Received Prepare
Registering precompiled user dll's ...
Registered in 0.000817 seconds.
Begin MonoManager ReloadAssembly
Native extension for WindowsStandalone target not found
Refreshing native plugins compatible for Editor in 0.36 ms, found 0 plugins.
Preloading 0 native plugins for Editor in 0.00 ms.
Warning: Annotation not found!
UnityEngine.StackTraceUtility:ExtractStackTrace ()
UnityEditor.ProBuilder.EditorUtility:SetGizmoIconEnabled (System.Type,bool) (at Library/PackageCache/com.unity.probuilder@4.4.0/Editor/EditorCore/EditorUtility.cs:593)
UnityEditor.ProBuilder.HierarchyListener:.cctor () (at Library/PackageCache/com.unity.probuilder@4.4.0/Editor/EditorCore/HierarchyListener.cs:21)
System.Runtime.CompilerServices.RuntimeHelpers:RunClassConstructor (System.RuntimeTypeHandle)
UnityEditor.EditorAssemblies:ProcessInitializeOnLoadAttributes (System.Type[])

[Library/PackageCache/com.unity.probuilder@4.4.0/Editor/EditorCore/EditorUtility.cs line 593]

Invoked RoslynAnalysisRunner static constructor.
RoslynAnalysisRunner will not be running.
RoslynAnalysisRunner has terminated.
Mono: successfully reloaded assembly
- Completed reload, in  1.439 seconds
Platform modules already initialized, skipping
Refreshing native plugins compatible for Editor in 0.32 ms, found 0 plugins.
Preloading 0 native plugins for Editor in 0.00 ms.
Unloading 1578 Unused Serialized files (Serialized files now loaded: 0)
System memory in use before: 79.2 MB.
System memory in use after: 79.2 MB.

Unloading 6 unused Assets to reduce memory usage. Loaded Objects now: 2102.
Total: 3.820300 ms (FindLiveObjects: 0.181100 ms CreateObjectMapping: 0.065000 ms MarkObjects: 3.495800 ms  DeleteObjects: 0.076800 ms)

